Arguments: 
  C:\Program Files\nodejs\node.exe C:\Program Files (x86)\Yarn\bin\yarn.js install

PATH: 
  C:\Program Files (x86)\Common Files\Oracle\Java\javapath;C:\Program Files (x86)\Intel\iCLS Client\;C:\ProgramData\Oracle\Java\javapath;C:\Python27\;C:\Python27\Scripts;C:\Program Files\Intel\iCLS Client\;C:\WINDOWS\system32;C:\WINDOWS;C:\WINDOWS\System32\Wbem;C:\WINDOWS\System32\WindowsPowerShell\v1.0\;C:\ProgramData\chocolatey\bin;C:\Program Files\Java\jdk1.8.0_131\bin;C:\Program Files\Git\cmd;C:\Program Files (x86)\Intel\Intel(R) Management Engine Components\DAL;C:\Program Files\Intel\Intel(R) Management Engine Components\DAL;C:\Program Files (x86)\Intel\Intel(R) Management Engine Components\IPT;C:\Program Files\Intel\Intel(R) Management Engine Components\IPT;C:\WINDOWS\System32\OpenSSH\;C:\Program Files\nodejs\;C:\Program Files (x86)\Microsoft VS Code\bin;C:\Program Files (x86)\Yarn\bin\;C:\Users\Arkadeep\AppData\Local\Microsoft\WindowsApps;C:\Program Files (x86)\Microsoft VS Code\bin;C:\Users\Arkadeep\AppData\Local\atom\bin;C:\Users\Arkadeep\AppData\Local\Microsoft\WindowsApps;F:\Softwares\groovy-2.4.13\bin;F:\Softwares\SpringCLI\spring-1.5.9.RELEASE\bin;C:\Users\Arkadeep\AppData\Local\.meteor;C:\Program Files\Heroku\bin;C:\Users\Arkadeep\AppData\Roaming\npm;C:\Program Files\Perforce;;C:\Users\Arkadeep\AppData\Local\Programs\Microsoft VS Code\bin;C:\Users\Arkadeep\AppData\Local\Yarn\bin

Yarn version: 
  1.9.4

Node version: 
  10.6.0

Platform: 
  win32 x64

Trace: 
  Error: getaddrinfo ENOTFOUND registry.yarnpkg.com registry.yarnpkg.com:443
      at GetAddrInfoReqWrap.onlookup [as oncomplete] (dns.js:56:26)

npm manifest: 
  {
    "name": "cases",
    "version": "1.0.0",
    "main": "index.js",
    "license": "MIT",
    "dependencies": {
      "react": "^16.4.2",
      "react-dom": "^16.4.2",
      "react-scripts": "^1.1.5"
    }
  }

yarn manifest: 
  No manifest

Lockfile: 
  No lockfile
